<?xml version="1.0" encoding="UTF-8"?>
<testsuite name="expr.TestExpr" tests="2" skipped="0" failures="0" errors="0" timestamp="2021-05-10T11:36:23" hostname="DESKTOP-81LUS3L" time="0.013">
  <properties/>
  <testcase name="test1" classname="expr.TestExpr" time="0.012"/>
  <testcase name="test2" classname="expr.TestExpr" time="0.001"/>
  <system-out><![CDATA[]]></system-out>
  <system-err><![CDATA[]]></system-err>
</testsuite>
